<?xml version="1.0" encoding="UTF-8"?>
<!-- Generated by org.testng.reporters.JUnitXMLReporter -->
<testsuite hostname="Sampada-PC" ignored="0" name="Test" tests="4" failures="0" timestamp="20 May 2019 05:54:29 GMT" time="0.187" errors="0">
  <testcase name="add" time="0.054" classname="com.fbk.TestCases.Testcase"/>
  <testcase name="sub" time="0.001" classname="com.fbk.TestCases.Testcase"/>
  <testcase name="add" time="0.0" classname="com.fbk.TestCases.TestCase1"/>
  <testcase name="sub" time="0.0" classname="com.fbk.TestCases.TestCase1"/>
</testsuite> <!-- Test -->
